<?xml version="1.0" encoding="UTF-8"?>
<testng-results skipped="0" failed="0" total="1" passed="1">
  <reporter-output>
  </reporter-output>
  <suite name="Default suite" duration-ms="14167" started-at="2018-07-06T18:20:49Z" finished-at="2018-07-06T18:21:03Z">
    <groups>
    </groups>
    <test name="Default test" duration-ms="14167" started-at="2018-07-06T18:20:49Z" finished-at="2018-07-06T18:21:03Z">
      <class name="com.genesislab.corebase.CoreBase">
        <test-method status="PASS" signature="Facebook_Login()[pri:0, instance:com.genesislab.corebase.CoreBase@28d25987]" name="Facebook_Login" duration-ms="14147" started-at="2018-07-06T23:50:49Z" finished-at="2018-07-06T23:51:03Z">
          <reporter-output>
          </reporter-output>
        </test-method> <!-- Facebook_Login -->
      </class> <!-- com.genesislab.corebase.CoreBase -->
    </test> <!-- Default test -->
  </suite> <!-- Default suite -->
</testng-results>
